Physical memory: 131072K available
check_page_alloc() succeeded!
check_page() succeeded!
check_kern_pgdir() succeeded!
check_page_installed_pgdir() succeeded!
enabled interrupts: 1 2
	     Setup timer interrupts via 8259A
enabled interrupts: 0 1 2
	     unmasked timer interrupt
[00000000] new env 00001000
[00000000] new env 00001100
[00000000] new env 00001001
[00001001] new env 00001002
bufcache is running
bufcache can do I/O
Device 1 presence: 1
[00001002] exiting gracefully
[00001002] free env 00001002
fork handles PTE_SHARE right
[00001001] new env 00002002
[00002002] exiting gracefully
[00002002] free env 00002002
spawn handles PTE_SHARE right
Welcome to the JOS kernel monitor!
Type 'help' for a list of commands.
